<?xml version="1.0" encoding="UTF-8"?>
<!-- Generated by org.testng.reporters.JUnitReportReporter -->
<testsuite hostname="DESKTOP-IRBB8HI" failures="0" tests="1" name="ish.admintest.Demo1test" time="0.009" errors="0" timestamp="2023-07-13T15:42:46 IST" skipped="0">
  <testcase classname="ish.admintest.Demo1test" name="demotest" time="0.009"/>
  <system-out/>
</testsuite> <!-- ish.admintest.Demo1test -->
