<?xml version="1.0" encoding="UTF-8"?>
<!-- Generated by org.testng.reporters.JUnitReportReporter -->
<testsuite hostname="DESKTOP-IRBB8HI" failures="0" tests="1" name="ish.admintest.Practice_test" time="0.011" errors="0" timestamp="2023-07-13T15:41:35 IST" skipped="0">
  <testcase classname="ish.admintest.Practice_test" name="practice_test" time="0.011"/>
  <system-out/>
</testsuite> <!-- ish.admintest.Practice_test -->
