<?xml version="1.0" encoding="UTF-8"?>
<!-- Generated by org.testng.reporters.JUnitReportReporter -->
<testsuite hostname="DESKTOP-IRBB8HI" failures="0" tests="1" name="ish.admintest.Sampletestdemo" time="0.010" errors="0" timestamp="2023-07-13T15:43:44 IST" skipped="0">
  <testcase classname="ish.admintest.Sampletestdemo" name="Sampletestdemo" time="0.010"/>
  <system-out/>
</testsuite> <!-- ish.admintest.Sampletestdemo -->
