<?xml version="1.0" encoding="UTF-8"?>
<!-- Generated by org.testng.reporters.JUnitReportReporter -->
<testsuite hostname="DESKTOP-IRBB8HI" failures="0" tests="2" name="ish.admintest.GradeTest" time="0.007" errors="0" timestamp="2023-07-13T17:05:03 IST" skipped="0">
  <testcase classname="ish.admintest.GradeTest" name="Exams" time="0.005"/>
  <system-out/>
  <testcase classname="ish.admintest.GradeTest" name="GradeTest" time="0.002"/>
  <system-out/>
</testsuite> <!-- ish.admintest.GradeTest -->
