<?xml version="1.0" encoding="UTF-8"?>
<!-- Generated by org.testng.reporters.JUnitReportReporter -->
<testsuite hostname="DESKTOP-IRBB8HI" failures="0" tests="1" name="ish.admintest.ExamTest" time="0.009" errors="0" timestamp="2023-07-13T15:45:23 IST" skipped="0">
  <testcase classname="ish.admintest.ExamTest" name="Sample_test_demo" time="0.009"/>
  <system-out/>
</testsuite> <!-- ish.admintest.ExamTest -->
