<?xml version="1.0" encoding="UTF-8"?>
<!-- Generated by org.testng.reporters.JUnitReportReporter -->
<testsuite hostname="DESKTOP-IRBB8HI" failures="0" tests="2" name="ish.admintest.Upgradedtest" time="0.008" errors="0" timestamp="2023-07-13T17:09:44 IST" skipped="0">
  <testcase classname="ish.admintest.Upgradedtest" name="Student" time="0.007"/>
  <system-out/>
  <testcase classname="ish.admintest.Upgradedtest" name="UpgradedTest" time="0.001"/>
  <system-out/>
</testsuite> <!-- ish.admintest.Upgradedtest -->
